
max_array.o:     file format elf32-littlearm


Disassembly of section .text:

00000000 <max_array>:
   0:	b4f0      	push	{r4, r5, r6, r7}
   2:	2200      	movs	r2, #0
   4:	2300      	movs	r3, #0

00000006 <.MAX>:
   6:	2900      	cmp	r1, #0
   8:	d006      	beq.n	18 <.END>
   a:	58c4      	ldr	r4, [r0, r3]
   c:	3304      	adds	r3, #4
   e:	3901      	subs	r1, #1
  10:	42a2      	cmp	r2, r4
  12:	dcf8      	bgt.n	6 <.MAX>
  14:	0022      	movs	r2, r4
  16:	e7f6      	b.n	6 <.MAX>

00000018 <.END>:
  18:	0010      	movs	r0, r2
  1a:	bcf0      	pop	{r4, r5, r6, r7}
  1c:	4770      	bx	lr
