
fib.o:     file format elf32-littlearm


Disassembly of section .text:

00000000 <fib>:
   0:	b4f0      	push	{r4, r5, r6, r7}
   2:	2201      	movs	r2, #1
   4:	2101      	movs	r1, #1
   6:	2301      	movs	r3, #1
   8:	2800      	cmp	r0, #0
   a:	d00b      	beq.n	24 <final>
   c:	2801      	cmp	r0, #1
   e:	d009      	beq.n	24 <final>
  10:	2400      	movs	r4, #0
  12:	3802      	subs	r0, #2

00000014 <loop>:
  14:	4284      	cmp	r4, r0
  16:	d004      	beq.n	22 <return>
  18:	188b      	adds	r3, r1, r2
  1a:	000a      	movs	r2, r1
  1c:	0019      	movs	r1, r3
  1e:	3401      	adds	r4, #1
  20:	e7f8      	b.n	14 <loop>

00000022 <return>:
  22:	0018      	movs	r0, r3

00000024 <final>:
  24:	bcf0      	pop	{r4, r5, r6, r7}
  26:	4770      	bx	lr
